<?xml version="1.0" encoding="UTF-8"?>
<testsuite xmlns:xsi="http://www.w3.org/2001/XMLSchema-instance" xsi:noNamespaceSchemaLocation="https://maven.apache.org/surefire/maven-surefire-plugin/xsd/surefire-test-report-3.0.xsd" version="3.0" name="com.relivio.incident.IncidentServiceApplicationTests" time="21.533" tests="1" errors="0" skipped="0" failures="0">
  <properties>
[...]
</properties>
  <testcase name="contextLoads" classname="com.relivio.incident.IncidentServiceApplicationTests" time="0.573">
    <system-out><![CDATA[12:09:15.355 [main] INFO org.springframework.test.context.support.AnnotationConfigContextLoaderUtils -- Could not detect default configuration classes for test class [com.relivio.incident.IncidentServiceApplicationTests]: IncidentServiceApplicationTests does not declare any static, non-private, non-final, nested classes annotated with @Configuration.
12:09:15.693 [main] INFO org.springframework.boot.test.context.SpringBootTestContextBootstrapper -- Found @SpringBootConfiguration com.relivio.incident.IncidentServiceApplication for test class com.relivio.incident.IncidentServiceApplicationTests
12:09:17,143 |-INFO in ch.qos.logback.core.model.processor.AppenderModelHandler - Processing appender named [Console]
12:09:17,143 |-INFO in ch.qos.logback.core.model.processor.AppenderModelHandler - About to instantiate appender of type [ch.qos.logback.core.ConsoleAppender]
12:09:17,263 |-WARN in ch.qos.logback.core.ConsoleAppender[Console] - This appender no longer admits a layout as a sub-component, set an encoder instead.
12:09:17,263 |-WARN in ch.qos.logback.core.ConsoleAppender[Console] - To ensure compatibility, wrapping your layout in LayoutWrappingEncoder.
12:09:17,263 |-WARN in ch.qos.logback.core.ConsoleAppender[Console] - See also http://logback.qos.ch/codes.html#layoutInsteadOfEncoder for details
12:09:17,265 |-INFO in ch.qos.logback.core.model.processor.AppenderModelHandler - Processing appender named [RollingFile]
12:09:17,265 |-INFO in ch.qos.logback.core.model.processor.AppenderModelHandler - About to instantiate appender of type [ch.qos.logback.core.rolling.RollingFileAppender]
12:09:17,285 |-INFO in c.q.l.core.rolling.TimeBasedRollingPolicy@1840940155 - No compression will be used
12:09:17,285 |-INFO in c.q.l.core.rolling.TimeBasedRollingPolicy@1840940155 - Will use the pattern C:/temp/incident-service/archived/spring-log-%d{yyyy-MM-dd}.%i.log for the active file
12:09:17,303 |-INFO in ch.qos.logback.core.rolling.SizeAndTimeBasedFNATP@1efdcd5 - The date pattern is 'yyyy-MM-dd' from file name pattern 'C:/temp/incident-service/archived/spring-log-%d{yyyy-MM-dd}.%i.log'.
12:09:17,303 |-INFO in ch.qos.logback.core.rolling.SizeAndTimeBasedFNATP@1efdcd5 - Roll-over at midnight.
12:09:17,305 |-INFO in ch.qos.logback.core.rolling.SizeAndTimeBasedFNATP@1efdcd5 - Setting initial period to 2026-08-08T06:37:51.533Z
12:09:17,305 |-WARN in ch.qos.logback.core.rolling.SizeAndTimeBasedFNATP@1efdcd5 - SizeAndTimeBasedFNATP is deprecated. Use SizeAndTimeBasedRollingPolicy instead
12:09:17,305 |-WARN in ch.qos.logback.core.rolling.SizeAndTimeBasedFNATP@1efdcd5 - For more information see http://logback.qos.ch/manual/appenders.html#SizeAndTimeBasedRollingPolicy
12:09:17,319 |-INFO in ch.qos.logback.core.rolling.RollingFileAppender[RollingFile] - Active log file name: C:/temp/incident-service/spring.log
12:09:17,319 |-INFO in ch.qos.logback.core.rolling.RollingFileAppender[RollingFile] - File property is set to [C:/temp/incident-service/spring.log]
12:09:17,319 |-INFO in ch.qos.logback.classic.model.processor.RootLoggerModelHandler - Setting level of ROOT logger to INFO
12:09:17,326 |-INFO in ch.qos.logback.classic.jul.LevelChangePropagator@1623bbe5 - Propagating INFO level on Logger[ROOT] onto the JUL framework
12:09:17,326 |-INFO in ch.qos.logback.core.model.processor.AppenderRefModelHandler - Attaching appender named [RollingFile] to Logger[ROOT]
12:09:17,326 |-INFO in ch.qos.logback.core.model.processor.AppenderRefModelHandler - Attaching appender named [Console] to Logger[ROOT]
12:09:17,326 |-INFO in ch.qos.logback.classic.model.processor.LoggerModelHandler - Setting level of logger [com.relivio.incident] to DEBUG
12:09:17,326 |-INFO in ch.qos.logback.classic.jul.LevelChangePropagator@1623bbe5 - Propagating DEBUG level on Logger[com.relivio.incident] onto the JUL framework
12:09:17,326 |-INFO in ch.qos.logback.classic.model.processor.LoggerModelHandler - Setting additivity of logger [com.relivio.incident] to false
12:09:17,326 |-INFO in ch.qos.logback.core.model.processor.AppenderRefModelHandler - Attaching appender named [RollingFile] to Logger[com.relivio.incident]
12:09:17,326 |-INFO in ch.qos.logback.core.model.processor.AppenderRefModelHandler - Attaching appender named [Console] to Logger[com.relivio.incident]
12:09:17,326 |-INFO in ch.qos.logback.core.model.processor.DefaultProcessor@7af1cd63 - End of configuration.
12:09:17,326 |-INFO in org.springframework.boot.logging.logback.SpringBootJoranConfigurator@4351171a - Registering current configuration as safe fallback point


  .   ____          _            __ _ _
 /\\ / ___'_ __ _ _(_)_ __  __ _ \ \ \ \
( ( )\___ | '_ | '_| | '_ \/ _` | \ \ \ \
 \\/  ___)| |_)| | | | | || (_| |  ) ) ) )
  '  |____| .__|_| |_|_| |_\__, | / / / /
 =========|_|==============|___/=/_/_/_/
 :: Spring Boot ::                (v3.1.0)

2026-08-08 12:09:17 [background-preinit] INFO  o.h.validator.internal.util.Version - HV000001: Hibernate Validator 8.0.0.Final
2026-08-08 12:09:17 [main] INFO  c.r.i.IncidentServiceApplicationTests - Starting IncidentServiceApplicationTests using Java 21.0.11 with PID 9708 (started by shubham.kumar19 in C:\Users\shubham.kumar19\Desktop\LatestProject\Backend\IncidentService)
2026-08-08 12:09:17 [main] INFO  c.r.i.IncidentServiceApplicationTests - No active profile set, falling back to 1 default profile: "default"
2026-08-08 12:09:20 [main] INFO  o.s.d.r.c.RepositoryConfigurationDelegate - Bootstrapping Spring Data JPA repositories in DEFAULT mode.
2026-08-08 12:09:21 [main] INFO  o.s.d.r.c.RepositoryConfigurationDelegate - Finished Spring Data repository scanning in 414 ms. Found 1 JPA repository interfaces.
2026-08-08 12:09:22 [main] INFO  o.s.cloud.context.scope.GenericScope - BeanFactory id=8b8f1229-fe8b-3ad1-8fe5-10af306f84cc
2026-08-08 12:09:22 [main] INFO  o.s.c.s.PostProcessorRegistrationDelegate$BeanPostProcessorChecker - Bean 'com.relivio.incident.client.NotificationClient' of type [org.springframework.cloud.openfeign.FeignClientFactoryBean] is not eligible for getting processed by all BeanPostProcessors (for example: not eligible for auto-proxying)
2026-08-08 12:09:22 [main] INFO  o.s.c.s.PostProcessorRegistrationDelegate$BeanPostProcessorChecker - Bean 'com.relivio.incident.client.ReliefRequestClient' of type [org.springframework.cloud.openfeign.FeignClientFactoryBean] is not eligible for getting processed by all BeanPostProcessors (for example: not eligible for auto-proxying)
2026-08-08 12:09:23 [main] INFO  o.h.jpa.internal.util.LogHelper - HHH000204: Processing PersistenceUnitInfo [name: default]
2026-08-08 12:09:23 [main] INFO  org.hibernate.Version - HHH000412: Hibernate ORM core version 6.2.2.Final
2026-08-08 12:09:23 [main] INFO  org.hibernate.cfg.Environment - HHH000406: Using bytecode reflection optimizer
2026-08-08 12:09:24 [main] INFO  o.h.b.i.BytecodeProviderInitiator - HHH000021: Bytecode provider name : bytebuddy
2026-08-08 12:09:24 [main] INFO  o.s.o.j.p.SpringPersistenceUnitInfo - No LoadTimeWeaver setup: ignoring JPA class transformer
2026-08-08 12:09:24 [main] INFO  com.zaxxer.hikari.HikariDataSource - HikariPool-1 - Starting...
2026-08-08 12:09:25 [main] INFO  com.zaxxer.hikari.pool.HikariPool - HikariPool-1 - Added connection org.postgresql.jdbc.PgConnection@f793f15
2026-08-08 12:09:25 [main] INFO  com.zaxxer.hikari.HikariDataSource - HikariPool-1 - Start completed.
2026-08-08 12:09:25 [main] INFO  org.hibernate.orm.dialect - HHH035001: Using dialect: org.hibernate.dialect.PostgreSQLDialect, version: org.hibernate.engine.jdbc.env.internal.JdbcEnvironmentInitiator$DialectResolutionInfoImpl@61836cd9
2026-08-08 12:09:26 [main] INFO  o.h.b.i.BytecodeProviderInitiator - HHH000021: Bytecode provider name : bytebuddy
2026-08-08 12:09:28 [main] INFO  o.h.e.t.j.p.i.JtaPlatformInitiator - HHH000490: Using JtaPlatform implementation: [org.hibernate.engine.transaction.jta.platform.internal.NoJtaPlatform]
Hibernate: alter table if exists incident alter column last_updated set data type timestamp(6)
Hibernate: alter table if exists incident alter column reported_date set data type timestamp(6)
2026-08-08 12:09:28 [main] INFO  o.s.o.j.LocalContainerEntityManagerFactoryBean - Initialized JPA EntityManagerFactory for persistence unit 'default'
2026-08-08 12:09:30 [main] WARN  o.s.b.a.o.j.JpaBaseConfiguration$JpaWebConfiguration - spring.jpa.open-in-view is enabled by default. Therefore, database queries may be performed during view rendering. Explicitly configure spring.jpa.open-in-view to disable this warning
2026-08-08 12:09:30 [main] INFO  o.s.c.o.FeignClientFactoryBean - For 'relief-request-service' URL not provided. Will try picking an instance via load-balancing.
2026-08-08 12:09:30 [main] INFO  o.s.c.o.FeignClientFactoryBean - For 'notification-service' URL not provided. Will try picking an instance via load-balancing.
2026-08-08 12:09:33 [main] INFO  o.s.c.n.e.c.DiscoveryClientOptionalArgsConfiguration - Eureka HTTP Client uses RestTemplate.
2026-08-08 12:09:33 [main] WARN  o.s.c.l.c.LoadBalancerCacheAutoConfiguration$LoadBalancerCaffeineWarnLogger - Spring Cloud LoadBalancer is currently working with the default cache. While this cache implementation is useful for development and tests, it's recommended to use Caffeine cache in production.You can switch to using Caffeine cache, by adding it and org.springframework.cache.caffeine.CaffeineCacheManager to the classpath.
2026-08-08 12:09:33 [main] INFO  o.s.b.a.e.web.EndpointLinksResolver - Exposing 1 endpoint(s) beneath base path '/actuator'
2026-08-08 12:09:33 [main] INFO  o.s.c.n.eureka.InstanceInfoFactory - Setting initial instance status as: STARTING
2026-08-08 12:09:34 [main] INFO  c.netflix.discovery.DiscoveryClient - Initializing Eureka in region us-east-1
2026-08-08 12:09:34 [main] INFO  c.n.d.s.r.aws.ConfigClusterResolver - Resolving eureka endpoints via configuration
2026-08-08 12:09:34 [main] INFO  c.netflix.discovery.DiscoveryClient - Disable delta property : false
2026-08-08 12:09:34 [main] INFO  c.netflix.discovery.DiscoveryClient - Single vip registry refresh property : null
2026-08-08 12:09:34 [main] INFO  c.netflix.discovery.DiscoveryClient - Force full registry fetch : false
2026-08-08 12:09:34 [main] INFO  c.netflix.discovery.DiscoveryClient - Application is null : false
2026-08-08 12:09:34 [main] INFO  c.netflix.discovery.DiscoveryClient - Registered Applications size is zero : true
2026-08-08 12:09:34 [main] INFO  c.netflix.discovery.DiscoveryClient - Application version is -1: true
2026-08-08 12:09:34 [main] INFO  c.netflix.discovery.DiscoveryClient - Getting all instance registry info from the eureka server
2026-08-08 12:09:35 [main] INFO  c.netflix.discovery.DiscoveryClient - The response status is 200
2026-08-08 12:09:35 [main] INFO  c.netflix.discovery.DiscoveryClient - Starting heartbeat executor: renew interval is: 30
2026-08-08 12:09:35 [main] INFO  c.n.discovery.InstanceInfoReplicator - InstanceInfoReplicator onDemand update allowed rate per min is 4
2026-08-08 12:09:35 [main] INFO  c.netflix.discovery.DiscoveryClient - Discovery Client initialized at timestamp 1786171175578 with initial instances count: 6
2026-08-08 12:09:35 [main] INFO  o.s.c.n.e.s.EurekaServiceRegistry - Registering application INCIDENT-SERVICE with eureka with status UP
2026-08-08 12:09:35 [main] INFO  c.netflix.discovery.DiscoveryClient - Saw local status change event StatusChangeEvent [timestamp=1786171175587, current=UP, previous=STARTING]
2026-08-08 12:09:35 [DiscoveryClient-InstanceInfoReplicator-0] INFO  c.netflix.discovery.DiscoveryClient - DiscoveryClient_INCIDENT-SERVICE/DEL1-LHP-N80549.synapse.com:incident-service:8081: registering service...
2026-08-08 12:09:35 [main] INFO  c.r.i.IncidentServiceApplicationTests - Started IncidentServiceApplicationTests in 19.568 seconds (process running for 22.942)
2026-08-08 12:09:35 [DiscoveryClient-InstanceInfoReplicator-0] INFO  c.netflix.discovery.DiscoveryClient - DiscoveryClient_INCIDENT-SERVICE/DEL1-LHP-N80549.synapse.com:incident-service:8081 - registration status: 204
]]></system-out>
  </testcase>
</testsuite>