<?xml version="1.0" encoding="UTF-8"?>
<testsuite xmlns:xsi="http://www.w3.org/2001/XMLSchema-instance" xsi:noNamespaceSchemaLocation="https://maven.apache.org/surefire/maven-surefire-plugin/xsd/surefire-test-report-3.0.xsd" version="3.0" name="com.relivio.eureka.EurekaServerApplicationTests" time="7.658" tests="1" errors="0" skipped="0" failures="0">
  <properties>
[...]
</properties>
  <testcase name="contextLoads" classname="com.relivio.eureka.EurekaServerApplicationTests" time="1.036">
    <system-out><![CDATA[14:04:30.900 [main] INFO org.springframework.test.context.support.AnnotationConfigContextLoaderUtils -- Could not detect default configuration classes for test class [com.relivio.eureka.EurekaServerApplicationTests]: EurekaServerApplicationTests does not declare any static, non-private, non-final, nested classes annotated with @Configuration.
14:04:31.048 [main] INFO org.springframework.boot.test.context.SpringBootTestContextBootstrapper -- Found @SpringBootConfiguration com.relivio.eureka.EurekaServerApplication for test class com.relivio.eureka.EurekaServerApplicationTests

  .   ____          _            __ _ _
 /\\ / ___'_ __ _ _(_)_ __  __ _ \ \ \ \
( ( )\___ | '_ | '_| | '_ \/ _` | \ \ \ \
 \\/  ___)| |_)| | | | | || (_| |  ) ) ) )
  '  |____| .__|_| |_|_| |_\__, | / / / /
 =========|_|==============|___/=/_/_/_/
 :: Spring Boot ::                (v3.1.5)

2026-08-09T14:04:32.024+05:30  INFO 14592 --- [           main] c.r.eureka.EurekaServerApplicationTests  : Starting EurekaServerApplicationTests using Java 21.0.11 with PID 14592 (started by shubham.kumar19 in C:\Users\shubham.kumar19\Desktop\LatestProject\Backend\EurekaServer)
2026-08-09T14:04:32.026+05:30  INFO 14592 --- [           main] c.r.eureka.EurekaServerApplicationTests  : No active profile set, falling back to 1 default profile: "default"
2026-08-09T14:04:34.063+05:30  INFO 14592 --- [           main] o.s.cloud.context.scope.GenericScope     : BeanFactory id=658a9fa3-cab4-34cc-bb80-c31143560392
2026-08-09T14:04:36.026+05:30  WARN 14592 --- [           main] iguration$LoadBalancerCaffeineWarnLogger : Spring Cloud LoadBalancer is currently working with the default cache. While this cache implementation is useful for development and tests, it's recommended to use Caffeine cache in production.You can switch to using Caffeine cache, by adding it and org.springframework.cache.caffeine.CaffeineCacheManager to the classpath.
2026-08-09T14:04:36.302+05:30  INFO 14592 --- [           main] o.s.c.n.eureka.InstanceInfoFactory       : Setting initial instance status as: STARTING
2026-08-09T14:04:36.347+05:30  INFO 14592 --- [           main] com.netflix.discovery.DiscoveryClient    : Initializing Eureka in region us-east-1
2026-08-09T14:04:36.347+05:30  INFO 14592 --- [           main] com.netflix.discovery.DiscoveryClient    : Client configured to neither register nor query for data.
2026-08-09T14:04:36.371+05:30  INFO 14592 --- [           main] com.netflix.discovery.DiscoveryClient    : Discovery Client initialized at timestamp 1786264476367 with initial instances count: 0
2026-08-09T14:04:36.432+05:30  INFO 14592 --- [           main] c.n.eureka.DefaultEurekaServerContext    : Initializing ...
2026-08-09T14:04:36.435+05:30  INFO 14592 --- [           main] c.n.eureka.cluster.PeerEurekaNodes       : Adding new peer nodes [http://localhost:8761/eureka/]
2026-08-09T14:04:36.706+05:30  INFO 14592 --- [           main] c.n.d.provider.DiscoveryJerseyProvider   : Using JSON encoding codec LegacyJacksonJson
2026-08-09T14:04:36.707+05:30  INFO 14592 --- [           main] c.n.d.provider.DiscoveryJerseyProvider   : Using JSON decoding codec LegacyJacksonJson
2026-08-09T14:04:36.707+05:30  INFO 14592 --- [           main] c.n.d.provider.DiscoveryJerseyProvider   : Using XML encoding codec XStreamXml
2026-08-09T14:04:36.707+05:30  INFO 14592 --- [           main] c.n.d.provider.DiscoveryJerseyProvider   : Using XML decoding codec XStreamXml
2026-08-09T14:04:36.919+05:30  INFO 14592 --- [           main] c.n.eureka.cluster.PeerEurekaNodes       : Replica node URL:  http://localhost:8761/eureka/
2026-08-09T14:04:36.927+05:30  INFO 14592 --- [           main] c.n.e.registry.AbstractInstanceRegistry  : Finished initializing remote region registries. All known remote regions: []
2026-08-09T14:04:36.930+05:30  INFO 14592 --- [           main] c.n.eureka.DefaultEurekaServerContext    : Initialized
2026-08-09T14:04:37.056+05:30  INFO 14592 --- [           main] o.s.b.a.e.web.EndpointLinksResolver      : Exposing 1 endpoint(s) beneath base path '/actuator'
2026-08-09T14:04:37.110+05:30  INFO 14592 --- [           main] o.s.c.n.e.s.EurekaServiceRegistry        : Registering application EUREKASERVER with eureka with status UP
2026-08-09T14:04:37.130+05:30  INFO 14592 --- [      Thread-10] o.s.c.n.e.server.EurekaServerBootstrap   : isAws returned false
2026-08-09T14:04:37.131+05:30  INFO 14592 --- [      Thread-10] o.s.c.n.e.server.EurekaServerBootstrap   : Initialized server context
2026-08-09T14:04:37.132+05:30  INFO 14592 --- [      Thread-10] c.n.e.r.PeerAwareInstanceRegistryImpl    : Got 1 instances from neighboring DS node
2026-08-09T14:04:37.132+05:30  INFO 14592 --- [      Thread-10] c.n.e.r.PeerAwareInstanceRegistryImpl    : Renew threshold is: 1
2026-08-09T14:04:37.132+05:30  INFO 14592 --- [      Thread-10] c.n.e.r.PeerAwareInstanceRegistryImpl    : Changing status to UP
2026-08-09T14:04:37.134+05:30  INFO 14592 --- [           main] c.r.eureka.EurekaServerApplicationTests  : Started EurekaServerApplicationTests in 5.878 seconds (process running for 7.631)
2026-08-09T14:04:37.151+05:30  INFO 14592 --- [      Thread-10] e.s.EurekaServerInitializerConfiguration : Started Eureka Server
]]></system-out>
    <system-err><![CDATA[WARNING: A Java agent has been loaded dynamically (C:\Users\shubham.kumar19\.m2\repository\net\bytebuddy\byte-buddy-agent\1.14.9\byte-buddy-agent-1.14.9.jar)
WARNING: If a serviceability tool is in use, please run with -XX:+EnableDynamicAgentLoading to hide this warning
WARNING: If a serviceability tool is not in use, please run with -Djdk.instrument.traceUsage for more information
WARNING: Dynamic loading of agents will be disallowed by default in a future release
]]></system-err>
  </testcase>
</testsuite>